<?xml version="1.0" encoding="UTF-8"?>
<testng-results ignored="0" total="1" passed="1" failed="0" skipped="0">
  <reporter-output>
  </reporter-output>
  <suite started-at="2024-02-07T03:42:53Z" name="Default suite" finished-at="2024-02-07T03:43:01Z" duration-ms="7574">
    <groups>
    </groups>
    <test started-at="2024-02-07T03:42:53Z" name="Default test" finished-at="2024-02-07T03:43:01Z" duration-ms="7574">
      <class name="packet.LoginTest">
        <test-method is-config="true" signature="setup()[pri:0, instance:packet.LoginTest@36a5cabc]" started-at="2024-02-07T03:42:53Z" name="setup" finished-at="2024-02-07T03:42:55Z" duration-ms="1996" status="PASS">
          <reporter-output>
          </reporter-output>
        </test-method> <!-- setup -->
        <test-method signature="doLogin()[pri:0, instance:packet.LoginTest@36a5cabc]" started-at="2024-02-07T03:42:55Z" name="doLogin" finished-at="2024-02-07T03:43:01Z" duration-ms="5557" status="PASS">
          <reporter-output>
          </reporter-output>
        </test-method> <!-- doLogin -->
      </class> <!-- packet.LoginTest -->
    </test> <!-- Default test -->
  </suite> <!-- Default suite -->
</testng-results>
